<?xml version="1.0" encoding="utf-8"?><testsuites name="pytest tests"><testsuite name="pytest" errors="0" failures="0" skipped="0" tests="68" time="6.812" timestamp="2026-09-22T04:39:23.520412+00:00" hostname="runnervmlun5p"><testcase classname="tests.test_api" name="test_signed_market_request" time="0.001" /><testcase classname="tests.test_api" name="test_live_host_really_supported_with_mock_transport" time="0.000" /><testcase classname="tests.test_api" name="test_exchange_held_close_all_protection" time="0.000" /><testcase classname="tests.test_api" name="test_ambiguous_order_is_not_retried[response0]" time="0.000" /><testcase classname="tests.test_api" name="test_ambiguous_order_is_not_retried[response1]" time="0.000" /><testcase classname="tests.test_api" name="test_ambiguous_order_is_not_retried[response2]" time="0.000" /><testcase classname="tests.test_api" name="test_ambiguous_order_is_not_retried[response3]" time="0.000" /><testcase classname="tests.test_api" name="test_auth_error_does_not_echo_credentials" time="0.000" /><testcase classname="tests.test_api" name="test_get_retries_are_read_only" time="0.000" /><testcase classname="tests.test_api" name="test_testnet_and_live_fingerprints_differ" time="0.000" /><testcase classname="tests.test_api" name="test_unlisted_hosts_refused[paper]" time="0.000" /><testcase classname="tests.test_api" name="test_unlisted_hosts_refused[https://evil.invalid]" time="0.000" /><testcase classname="tests.test_api" name="test_unlisted_hosts_refused[None]" time="0.000" /><testcase classname="tests.test_api" name="test_fills_time_and_id_parameters_not_combined" time="0.000" /><testcase classname="tests.test_api" name="test_decimal_grids" time="0.000" /><testcase classname="tests.test_causality_ml" name="test_signal_prefix_invariant[both-breakout]" time="0.020" /><testcase classname="tests.test_causality_ml" name="test_signal_prefix_invariant[both-momentum]" time="0.017" /><testcase classname="tests.test_causality_ml" name="test_signal_prefix_invariant[both-pullback]" time="0.016" /><testcase classname="tests.test_causality_ml" name="test_signal_prefix_invariant[both-reversal]" time="0.016" /><testcase classname="tests.test_causality_ml" name="test_signal_prefix_invariant[long-breakout]" time="0.016" /><testcase classname="tests.test_causality_ml" name="test_signal_prefix_invariant[long-momentum]" time="0.016" /><testcase classname="tests.test_causality_ml" name="test_signal_prefix_invariant[long-pullback]" time="0.016" /><testcase classname="tests.test_causality_ml" name="test_signal_prefix_invariant[long-reversal]" time="0.016" /><testcase classname="tests.test_causality_ml" name="test_signal_prefix_invariant[short-breakout]" time="0.016" /><testcase classname="tests.test_causality_ml" name="test_signal_prefix_invariant[short-momentum]" time="0.016" /><testcase classname="tests.test_causality_ml" name="test_signal_prefix_invariant[short-pullback]" time="0.017" /><testcase classname="tests.test_causality_ml" name="test_signal_prefix_invariant[short-reversal]" time="0.016" /><testcase classname="tests.test_causality_ml" name="test_signals_available_only_after_complete_frame" time="0.019" /><testcase classname="tests.test_causality_ml" name="test_ml_uses_only_matured_labels_and_portable_probabilities" time="1.182" /><testcase classname="tests.test_directional_refit" name="test_directional_features_prefix_and_future_perturbation" time="0.030" /><testcase classname="tests.test_directional_refit" name="test_numerical_trees_fit_parity_maturity_and_future_independence" time="0.294" /><testcase classname="tests.test_directional_refit" name="test_invalid_training_horizons_rejected[-1]" time="0.001" /><testcase classname="tests.test_directional_refit" name="test_invalid_training_horizons_rejected[0]" time="0.001" /><testcase classname="tests.test_directional_refit" name="test_invalid_training_horizons_rejected[169]" time="0.001" /><testcase classname="tests.test_directional_refit" name="test_invalid_training_horizons_rejected[1.5]" time="0.001" /><testcase classname="tests.test_directional_refit" name="test_no_model_fallback_for_directional_strategy" time="0.001" /><testcase classname="tests.test_directional_refit" name="test_scheduled_refit_preserves_journal_and_exact_cutoff" time="0.017" /><testcase classname="tests.test_directional_refit" name="test_refit_does_not_backdate_to_bar_before_cutoff" time="0.012" /><testcase classname="tests.test_directional_refit" name="test_directional_feature_builder_has_no_untrained_buy_fallback" time="0.009" /><testcase classname="tests.test_runtime" name="test_accepted_but_timed_out_order_queries_not_retries" time="0.129" /><testcase classname="tests.test_runtime" name="test_permanently_unknown_order_never_resubmitted" time="0.055" /><testcase classname="tests.test_runtime" name="test_crash_after_filled_response_recovers_protection" time="0.325" /><testcase classname="tests.test_runtime" name="test_crash_after_http_acceptance_recovers_unknown" time="0.087" /><testcase classname="tests.test_runtime" name="test_partial_fill_is_protected_then_cancelled" time="0.051" /><testcase classname="tests.test_runtime" name="test_failed_stop_triggers_reduce_only_flatten" time="0.064" /><testcase classname="tests.test_runtime" name="test_operator_flatten_closes_owned_position_only" time="0.456" /><testcase classname="tests.test_runtime" name="test_unowned_position_not_adopted_or_liquidated" time="0.032" /><testcase classname="tests.test_runtime" name="test_enlarged_external_position_halts" time="0.032" /><testcase classname="tests.test_runtime" name="test_existing_protection_not_reposted_each_cycle" time="0.028" /><testcase classname="tests.test_runtime" name="test_stop_filled_then_orphan_target_cancelled" time="0.047" /><testcase classname="tests.test_runtime" name="test_persistent_daily_count_not_doubled_by_recovery" time="0.101" /><testcase classname="tests.test_runtime" name="test_additional_fill_of_same_entry_is_not_foreign_position" time="0.066" /><testcase classname="tests.test_runtime" name="test_late_reported_fill_in_overlap_is_recovered_once" time="0.191" /><testcase classname="tests.test_runtime" name="test_income_overlap_does_not_repeat_transfer_event" time="0.019" /><testcase classname="tests.test_state_risk" name="test_intent_persisted_before_submission" time="0.012" /><testcase classname="tests.test_state_risk" name="test_unknown_and_new_remain_pending" time="0.197" /><testcase classname="tests.test_state_risk" name="test_binding_mismatch_refused" time="0.226" /><testcase classname="tests.test_state_risk" name="test_signal_and_fills_deduplicate" time="0.452" /><testcase classname="tests.test_state_risk" name="test_revised_and_open_bars_refused" time="0.014" /><testcase classname="tests.test_state_risk" name="test_invalid_ohlcv_refused" time="0.055" /><testcase classname="tests.test_state_risk" name="test_single_process_lock" time="0.001" /><testcase classname="tests.test_state_risk" name="test_risk_state_survives_restart" time="0.650" /><testcase classname="tests.test_state_risk" name="test_new_day_does_not_reset_weekly_lock" time="0.000" /><testcase classname="tests.test_state_risk" name="test_500_nominal_does_not_multiply_account_risk" time="0.000" /><testcase classname="tests.test_state_risk" name="test_too_small_risk_never_rounded_up" time="0.000" /><testcase classname="tests.test_state_risk" name="test_protection_correct_side[1]" time="0.000" /><testcase classname="tests.test_state_risk" name="test_protection_correct_side[-1]" time="0.000" /><testcase classname="tests.test_state_risk" name="test_production_requires_both_acknowledgments" time="0.002" /></testsuite></testsuites>